c:\users\wysoc\desktop\projekty\proj\proj\debug\proj.pch
c:\users\wysoc\desktop\projekty\proj\proj\debug\vc141.pdb
c:\users\wysoc\desktop\projekty\proj\proj\debug\vc141.idb
c:\users\wysoc\desktop\projekty\proj\proj\debug\pch.obj
c:\users\wysoc\desktop\projekty\proj\proj\debug\main.obj
c:\users\wysoc\desktop\projekty\proj\proj\debug\gui.obj
c:\users\wysoc\desktop\projekty\proj\proj\debug\cvehicle.obj
c:\users\wysoc\desktop\projekty\proj\proj\debug\ctrack_seg.obj
c:\users\wysoc\desktop\projekty\proj\proj\debug\ctrack.obj
c:\users\wysoc\desktop\projekty\proj\proj\debug\cscale.obj
c:\users\wysoc\desktop\projekty\proj\proj\debug\cobject.obj
c:\users\wysoc\desktop\projekty\proj\proj\debug\cmotor.obj
c:\users\wysoc\desktop\projekty\proj\proj\debug\ccar.obj
c:\users\wysoc\desktop\projekty\proj\debug\proj.exe
c:\users\wysoc\desktop\projekty\proj\debug\proj.ilk
c:\users\wysoc\desktop\projekty\proj\debug\proj.pdb
c:\users\wysoc\desktop\projekty\proj\proj\debug\cobstacle.obj
c:\users\wysoc\desktop\projekty\proj\proj\debug\proj.tlog\cl.command.1.tlog
c:\users\wysoc\desktop\projekty\proj\proj\debug\proj.tlog\cl.read.1.tlog
c:\users\wysoc\desktop\projekty\proj\proj\debug\proj.tlog\cl.write.1.tlog
c:\users\wysoc\desktop\projekty\proj\proj\debug\proj.tlog\link.command.1.tlog
c:\users\wysoc\desktop\projekty\proj\proj\debug\proj.tlog\link.read.1.tlog
c:\users\wysoc\desktop\projekty\proj\proj\debug\proj.tlog\link.write.1.tlog
